[2020-12-18 17:47:50,770] multiqc                                            [DEBUG  ]  No MultiQC config found: /icgc/dkfzlsdf/analysis/B080/sharma/miniconda3/envs/hypoxia/lib/python2.7/site-packages/multiqc-1.0.dev0-py2.7.egg/multiqc_config.yaml
[2020-12-18 17:47:50,771] multiqc                                            [DEBUG  ]  No MultiQC config found: /home/sharmaa/.multiqc_config.yaml
[2020-12-18 17:47:50,771] multiqc                                            [DEBUG  ]  No MultiQC config found: multiqc_config.yaml
[2020-12-18 17:47:50,771] multiqc                                            [DEBUG  ]  Command used: /icgc/dkfzlsdf/analysis/B080/sharma/miniconda3/envs/hypoxia/bin/multiqc --title Bulk_Hypoxia_Data_BoulantLab --outdir /icgc/dkfzlsdf/analysis/B080/sharma/boulantLab/bulk_hypoxia/analysis/MultiQC /icgc/dkfzlsdf/analysis/B080/sharma/boulantLab/bulk_hypoxia/
[2020-12-18 17:47:50,771] multiqc                                            [DEBUG  ]  Could not connect to multiqc.info for version check
[2020-12-18 17:47:50,772] multiqc                                            [INFO   ]  This is MultiQC v1.0.dev0
[2020-12-18 17:47:50,772] multiqc                                            [DEBUG  ]  Command     : /icgc/dkfzlsdf/analysis/B080/sharma/miniconda3/envs/hypoxia/bin/multiqc --title Bulk_Hypoxia_Data_BoulantLab --outdir /icgc/dkfzlsdf/analysis/B080/sharma/boulantLab/bulk_hypoxia/analysis/MultiQC /icgc/dkfzlsdf/analysis/B080/sharma/boulantLab/bulk_hypoxia/
[2020-12-18 17:47:50,772] multiqc                                            [DEBUG  ]  Working dir : /icgc/dkfzlsdf/analysis/B080/sharma/boulantLab/bulk_hypoxia/src
[2020-12-18 17:47:50,772] multiqc                                            [INFO   ]  Template    : default
[2020-12-18 17:47:50,776] multiqc                                            [INFO   ]  Report title: Bulk_Hypoxia_Data_BoulantLab
[2020-12-18 17:47:50,777] multiqc                                            [INFO   ]  Searching '/icgc/dkfzlsdf/analysis/B080/sharma/boulantLab/bulk_hypoxia/'
[2020-12-18 17:47:50,777] multiqc                                            [DEBUG  ]  Analysing modules: custom_content, peddy, methylQA, qualimap, preseq, quast, rseqc, busco, goleft_indexcov, snpeff, gatk, htseq, bcftools, featureCounts, picard, prokka, samblaster, samtools, bamtools, bismark, hicup, salmon, kallisto, slamdunk, star, tophat, bowtie2, bowtie1, cutadapt, trimmomatic, skewer, fastq_screen, fastqc, clusterflow
[2020-12-18 17:47:50,777] multiqc                                            [DEBUG  ]  Using temporary directory for creating report: /tmp/tmpjvFV8L
[2020-12-18 17:47:50,854] multiqc                                            [DEBUG  ]  Ignoring file as is encoded: Homo_sapiens.GRCh38.dna.primary_assembly.fa.gz
[2020-12-18 17:47:50,854] multiqc                                            [DEBUG  ]  Ignoring file as is encoded: Homo_sapiens.GRCh38.102.gtf.gz
[2020-12-18 17:47:50,856] multiqc                                            [DEBUG  ]  Ignoring file as too large: GRCh38index.00.b.array
[2020-12-18 17:47:50,856] multiqc                                            [DEBUG  ]  Ignoring file as too large: GRCh38index.00.b.tab
[2020-12-18 17:47:50,862] multiqc                                            [DEBUG  ]  Ignoring file as matched an ignore pattern: H3CGFBGXF_12h_H_3_20s000267-1-1_Triana_lane120s000267.bam
[2020-12-18 17:47:50,862] multiqc                                            [DEBUG  ]  Ignoring file as matched an ignore pattern: H3HHMBGXF_D1_N_2_20s000254-1-1_Triana_lane120s000254.bam.indel.vcf
[2020-12-18 17:47:50,862] multiqc                                            [DEBUG  ]  Ignoring file as matched an ignore pattern: H3CGFBGXF_D1_N_4_20s000264-1-1_Triana_lane120s000264.bam.indel.vcf
[2020-12-18 17:47:50,862] multiqc                                            [DEBUG  ]  Ignoring file as matched an ignore pattern: H3HHMBGXF_D2_H_2_20s000261-1-1_Triana_lane120s000261.bam.indel.vcf
[2020-12-18 17:47:50,863] multiqc                                            [DEBUG  ]  Ignoring file as matched an ignore pattern: H3HHMBGXF_D2_H_1_20s000260-1-1_Triana_lane120s000260.bam
[2020-12-18 17:47:50,863] multiqc                                            [DEBUG  ]  Ignoring file as matched an ignore pattern: H3CGFBGXF_12h_H_3_20s000267-1-1_Triana_lane120s000267.bam.indel.vcf
[2020-12-18 17:47:50,863] multiqc                                            [DEBUG  ]  Ignoring file as matched an ignore pattern: H3CGFBGXF_D1_H_3_20s000268-1-1_Triana_lane120s000268.bam.indel.vcf
[2020-12-18 17:47:50,863] multiqc                                            [DEBUG  ]  Ignoring file as matched an ignore pattern: H3CGFBGXF_D2_H_3_20s000270-1-1_Triana_lane120s000270.bam
[2020-12-18 17:47:50,863] multiqc                                            [DEBUG  ]  Ignoring file as matched an ignore pattern: HH7WMBGXF_6h_N_4_20s000999-1-1_Triana_lane120s000999.bam
[2020-12-18 17:47:50,863] multiqc                                            [DEBUG  ]  Ignoring file as matched an ignore pattern: H3HHMBGXF_D2_H_2_20s000261-1-1_Triana_lane120s000261.bam
[2020-12-18 17:47:50,864] multiqc                                            [DEBUG  ]  Ignoring file as matched an ignore pattern: H3HHMBGXF_D1_H_1_20s000258-1-1_Triana_lane120s000258.bam
[2020-12-18 17:47:50,864] multiqc                                            [DEBUG  ]  Ignoring file as matched an ignore pattern: HH7WMBGXF_6h_N_3_20s000998-1-1_Triana_lane120s000998.bam.indel.vcf
[2020-12-18 17:47:50,864] multiqc                                            [DEBUG  ]  Ignoring file as matched an ignore pattern: H3HHMBGXF_D1_N_2_20s000254-1-1_Triana_lane120s000254.bam
[2020-12-18 17:47:50,864] multiqc                                            [DEBUG  ]  Ignoring file as matched an ignore pattern: H3HHMBGXF_D1_N_1_20s000253-1-1_Triana_lane120s000253.bam
[2020-12-18 17:47:50,865] multiqc                                            [DEBUG  ]  Ignoring file as matched an ignore pattern: H3HHMBGXF_12h_H_1_20s000257-1-1_Triana_lane120s000257.bam
[2020-12-18 17:47:50,865] multiqc                                            [DEBUG  ]  Ignoring file as matched an ignore pattern: H3CGFBGXF_D1_H_3_20s000268-1-1_Triana_lane120s000268.bam
[2020-12-18 17:47:50,865] multiqc                                            [DEBUG  ]  Ignoring file as matched an ignore pattern: HH7WMBGXF_6h_N_3_20s000998-1-1_Triana_lane120s000998.bam
[2020-12-18 17:47:50,866] multiqc                                            [DEBUG  ]  Ignoring file as matched an ignore pattern: H3CGFBGXF_12h_N_3_20s000262-1-1_Triana_lane120s000262.bam.indel.vcf
[2020-12-18 17:47:50,866] multiqc                                            [DEBUG  ]  Ignoring file as matched an ignore pattern: HH7WMBGXF_6h_H_3_20s001002-1-1_Triana_lane120s001002.bam.indel.vcf
[2020-12-18 17:47:50,866] multiqc                                            [DEBUG  ]  Ignoring file as matched an ignore pattern: HH7WMBGXF_6h_H_2_20s001001-1-1_Triana_lane120s001001.bam.indel.vcf
[2020-12-18 17:47:50,866] multiqc                                            [DEBUG  ]  Ignoring file as matched an ignore pattern: HH7WMBGXF_6h_H_3_20s001002-1-1_Triana_lane120s001002.bam
[2020-12-18 17:47:50,867] multiqc                                            [DEBUG  ]  Ignoring file as matched an ignore pattern: H3CGFBGXF_D2_N_3_20s000265-1-1_Triana_lane120s000265.bam
[2020-12-18 17:47:50,867] multiqc                                            [DEBUG  ]  Ignoring file as matched an ignore pattern: HH7WMBGXF_6h_N_2_20s000997-1-1_Triana_lane120s000997.bam
[2020-12-18 17:47:50,867] multiqc                                            [DEBUG  ]  Ignoring file as matched an ignore pattern: H3HHMBGXF_12h_N_2_20s000252-1-1_Triana_lane120s000252.bam.indel.vcf
[2020-12-18 17:47:50,867] multiqc                                            [DEBUG  ]  Ignoring file as matched an ignore pattern: HH7WMBGXF_6h_H_1_20s001000-1-1_Triana_lane120s001000.bam
[2020-12-18 17:47:50,867] multiqc                                            [DEBUG  ]  Ignoring file as matched an ignore pattern: H3HHMBGXF_D1_H_1_20s000258-1-1_Triana_lane120s000258.bam.indel.vcf
[2020-12-18 17:47:50,867] multiqc                                            [DEBUG  ]  Ignoring file as matched an ignore pattern: HH7WMBGXF_6h_N_4_20s000999-1-1_Triana_lane120s000999.bam.indel.vcf
[2020-12-18 17:47:50,868] multiqc                                            [DEBUG  ]  Ignoring file as matched an ignore pattern: H3HHMBGXF_D2_N_2_20s000256-1-1_Triana_lane120s000256.bam.indel.vcf
[2020-12-18 17:47:50,868] multiqc                                            [DEBUG  ]  Ignoring file as matched an ignore pattern: H3CGFBGXF_D1_H_4_20s000269-1-1_Triana_lane120s000269.bam.indel.vcf
[2020-12-18 17:47:50,868] multiqc                                            [DEBUG  ]  Ignoring file as matched an ignore pattern: HH7WMBGXF_6h_N_2_20s000997-1-1_Triana_lane120s000997.bam.indel.vcf
[2020-12-18 17:47:50,868] multiqc                                            [DEBUG  ]  Ignoring file as matched an ignore pattern: H3HHMBGXF_D2_N_2_20s000256-1-1_Triana_lane120s000256.bam
[2020-12-18 17:47:50,868] multiqc                                            [DEBUG  ]  Ignoring file as matched an ignore pattern: H3HHMBGXF_D1_H_2_20s000259-1-1_Triana_lane120s000259.bam
[2020-12-18 17:47:50,869] multiqc                                            [DEBUG  ]  Ignoring file as matched an ignore pattern: HH7WMBGXF_6h_H_1_20s001000-1-1_Triana_lane120s001000.bam.indel.vcf
[2020-12-18 17:47:50,869] multiqc                                            [DEBUG  ]  Ignoring file as matched an ignore pattern: H3CGFBGXF_D2_H_4_20s000271-1-1_Triana_lane120s000271.bam
[2020-12-18 17:47:50,869] multiqc                                            [DEBUG  ]  Ignoring file as matched an ignore pattern: H3CGFBGXF_D1_N_3_20s000263-1-1_Triana_lane120s000263.bam
[2020-12-18 17:47:50,869] multiqc                                            [DEBUG  ]  Ignoring file as matched an ignore pattern: H3HHMBGXF_D2_N_1_20s000255-1-1_Triana_lane120s000255.bam
[2020-12-18 17:47:50,869] multiqc                                            [DEBUG  ]  Ignoring file as matched an ignore pattern: H3HHMBGXF_12h_N_1_20s000251-1-1_Triana_lane120s000251.bam
[2020-12-18 17:47:50,870] multiqc                                            [DEBUG  ]  Ignoring file as matched an ignore pattern: HH7WMBGXF_6h_H_4_20s001003-1-1_Triana_lane120s001003.bam.indel.vcf
[2020-12-18 17:47:50,870] multiqc                                            [DEBUG  ]  Ignoring file as matched an ignore pattern: H3CGFBGXF_D2_N_4_20s000266-1-1_Triana_lane120s000266.bam
[2020-12-18 17:47:50,870] multiqc                                            [DEBUG  ]  Ignoring file as matched an ignore pattern: H3HHMBGXF_D2_H_1_20s000260-1-1_Triana_lane120s000260.bam.indel.vcf
[2020-12-18 17:47:50,871] multiqc                                            [DEBUG  ]  Ignoring file as matched an ignore pattern: H3CGFBGXF_D2_N_4_20s000266-1-1_Triana_lane120s000266.bam.indel.vcf
[2020-12-18 17:47:50,871] multiqc                                            [DEBUG  ]  Ignoring file as matched an ignore pattern: H3HHMBGXF_D1_N_1_20s000253-1-1_Triana_lane120s000253.bam.indel.vcf
[2020-12-18 17:47:50,871] multiqc                                            [DEBUG  ]  Ignoring file as matched an ignore pattern: H3CGFBGXF_D1_N_3_20s000263-1-1_Triana_lane120s000263.bam.indel.vcf
[2020-12-18 17:47:50,871] multiqc                                            [DEBUG  ]  Ignoring file as matched an ignore pattern: HH7WMBGXF_6h_H_2_20s001001-1-1_Triana_lane120s001001.bam
[2020-12-18 17:47:50,871] multiqc                                            [DEBUG  ]  Ignoring file as matched an ignore pattern: H3CGFBGXF_D2_H_4_20s000271-1-1_Triana_lane120s000271.bam.indel.vcf
[2020-12-18 17:47:50,872] multiqc                                            [DEBUG  ]  Ignoring file as matched an ignore pattern: H3CGFBGXF_D2_H_3_20s000270-1-1_Triana_lane120s000270.bam.indel.vcf
[2020-12-18 17:47:50,872] multiqc                                            [DEBUG  ]  Ignoring file as matched an ignore pattern: H3HHMBGXF_D2_N_1_20s000255-1-1_Triana_lane120s000255.bam.indel.vcf
[2020-12-18 17:47:50,872] multiqc                                            [DEBUG  ]  Ignoring file as matched an ignore pattern: H3HHMBGXF_12h_N_2_20s000252-1-1_Triana_lane120s000252.bam
[2020-12-18 17:47:50,872] multiqc                                            [DEBUG  ]  Ignoring file as matched an ignore pattern: H3HHMBGXF_12h_H_1_20s000257-1-1_Triana_lane120s000257.bam.indel.vcf
[2020-12-18 17:47:50,872] multiqc                                            [DEBUG  ]  Ignoring file as matched an ignore pattern: H3CGFBGXF_D1_N_4_20s000264-1-1_Triana_lane120s000264.bam
[2020-12-18 17:47:50,873] multiqc                                            [DEBUG  ]  Ignoring file as matched an ignore pattern: HH7WMBGXF_6h_H_4_20s001003-1-1_Triana_lane120s001003.bam
[2020-12-18 17:47:50,873] multiqc                                            [DEBUG  ]  Ignoring file as matched an ignore pattern: H3CGFBGXF_D2_N_3_20s000265-1-1_Triana_lane120s000265.bam.indel.vcf
[2020-12-18 17:47:50,873] multiqc                                            [DEBUG  ]  Ignoring file as matched an ignore pattern: HH7WMBGXF_6h_N_1_20s000996-1-1_Triana_lane120s000996.bam
[2020-12-18 17:47:50,873] multiqc                                            [DEBUG  ]  Ignoring file as matched an ignore pattern: H3CGFBGXF_D1_H_4_20s000269-1-1_Triana_lane120s000269.bam
[2020-12-18 17:47:50,873] multiqc                                            [DEBUG  ]  Ignoring file as matched an ignore pattern: H3HHMBGXF_D1_H_2_20s000259-1-1_Triana_lane120s000259.bam.indel.vcf
[2020-12-18 17:47:50,874] multiqc                                            [DEBUG  ]  Ignoring file as matched an ignore pattern: HH7WMBGXF_6h_N_1_20s000996-1-1_Triana_lane120s000996.bam.indel.vcf
[2020-12-18 17:47:50,874] multiqc                                            [DEBUG  ]  Ignoring file as matched an ignore pattern: H3HHMBGXF_12h_N_1_20s000251-1-1_Triana_lane120s000251.bam.indel.vcf
[2020-12-18 17:47:50,874] multiqc                                            [DEBUG  ]  Ignoring file as matched an ignore pattern: H3CGFBGXF_12h_N_3_20s000262-1-1_Triana_lane120s000262.bam
[2020-12-18 17:47:50,876] multiqc                                            [DEBUG  ]  Ignoring file as matched an ignore pattern: H3HHMBGXF_D2_H_2_20s000261-1-1_Triana_lane120s000261.fastq.gz
[2020-12-18 17:47:50,876] multiqc                                            [DEBUG  ]  Ignoring file as matched an ignore pattern: H3CGFBGXF_D2_N_4_20s000266-1-1_Triana_lane120s000266.fastq.gz
[2020-12-18 17:47:50,877] multiqc                                            [DEBUG  ]  Ignoring file as matched an ignore pattern: H3HHMBGXF_D1_N_2_20s000254-1-1_Triana_lane120s000254.fastq.gz
[2020-12-18 17:47:50,877] multiqc                                            [DEBUG  ]  Ignoring file as matched an ignore pattern: H3HHMBGXF_D1_H_1_20s000258-1-1_Triana_lane120s000258.fastq.gz
[2020-12-18 17:47:50,877] multiqc                                            [DEBUG  ]  Ignoring file as matched an ignore pattern: HH7WMBGXF_6h_N_4_20s000999-1-1_Triana_lane120s000999.fastq.gz
[2020-12-18 17:47:50,877] multiqc                                            [DEBUG  ]  Ignoring file as matched an ignore pattern: H3CGFBGXF_D1_H_4_20s000269-1-1_Triana_lane120s000269.fastq.gz
[2020-12-18 17:47:50,877] multiqc                                            [DEBUG  ]  Ignoring file as matched an ignore pattern: H3CGFBGXF_D2_H_3_20s000270-1-1_Triana_lane120s000270.fastq.gz
[2020-12-18 17:47:50,877] multiqc                                            [DEBUG  ]  Ignoring file as matched an ignore pattern: H3HHMBGXF_D1_N_1_20s000253-1-1_Triana_lane120s000253.fastq.gz
[2020-12-18 17:47:50,878] multiqc                                            [DEBUG  ]  Ignoring file as matched an ignore pattern: H3CGFBGXF_12h_N_3_20s000262-1-1_Triana_lane120s000262.fastq.gz
[2020-12-18 17:47:50,878] multiqc                                            [DEBUG  ]  Ignoring file as matched an ignore pattern: H3HHMBGXF_D2_N_1_20s000255-1-1_Triana_lane120s000255.fastq.gz
[2020-12-18 17:47:50,878] multiqc                                            [DEBUG  ]  Ignoring file as matched an ignore pattern: H3CGFBGXF_D1_H_3_20s000268-1-1_Triana_lane120s000268.fastq.gz
[2020-12-18 17:47:50,878] multiqc                                            [DEBUG  ]  Ignoring file as matched an ignore pattern: HH7WMBGXF_6h_N_2_20s000997-1-1_Triana_lane120s000997.fastq.gz
[2020-12-18 17:47:50,878] multiqc                                            [DEBUG  ]  Ignoring file as matched an ignore pattern: HH7WMBGXF_6h_H_2_20s001001-1-1_Triana_lane120s001001.fastq.gz
[2020-12-18 17:47:50,878] multiqc                                            [DEBUG  ]  Ignoring file as matched an ignore pattern: HH7WMBGXF_6h_N_3_20s000998-1-1_Triana_lane120s000998.fastq.gz
[2020-12-18 17:47:50,879] multiqc                                            [DEBUG  ]  Ignoring file as matched an ignore pattern: H3CGFBGXF_D2_H_4_20s000271-1-1_Triana_lane120s000271.fastq.gz
[2020-12-18 17:47:50,879] multiqc                                            [DEBUG  ]  Ignoring file as matched an ignore pattern: H3HHMBGXF_12h_N_2_20s000252-1-1_Triana_lane120s000252.fastq.gz
[2020-12-18 17:47:50,879] multiqc                                            [DEBUG  ]  Ignoring file as matched an ignore pattern: HH7WMBGXF_6h_H_1_20s001000-1-1_Triana_lane120s001000.fastq.gz
[2020-12-18 17:47:50,879] multiqc                                            [DEBUG  ]  Ignoring file as matched an ignore pattern: HH7WMBGXF_6h_H_4_20s001003-1-1_Triana_lane120s001003.fastq.gz
[2020-12-18 17:47:50,879] multiqc                                            [DEBUG  ]  Ignoring file as matched an ignore pattern: H3CGFBGXF_12h_H_3_20s000267-1-1_Triana_lane120s000267.fastq.gz
[2020-12-18 17:47:50,879] multiqc                                            [DEBUG  ]  Ignoring file as matched an ignore pattern: HH7WMBGXF_6h_H_3_20s001002-1-1_Triana_lane120s001002.fastq.gz
[2020-12-18 17:47:50,879] multiqc                                            [DEBUG  ]  Ignoring file as matched an ignore pattern: HH7WMBGXF_6h_N_1_20s000996-1-1_Triana_lane120s000996.fastq.gz
[2020-12-18 17:47:50,880] multiqc                                            [DEBUG  ]  Ignoring file as matched an ignore pattern: H3HHMBGXF_D2_H_1_20s000260-1-1_Triana_lane120s000260.fastq.gz
[2020-12-18 17:47:50,880] multiqc                                            [DEBUG  ]  Ignoring file as matched an ignore pattern: H3CGFBGXF_D1_N_3_20s000263-1-1_Triana_lane120s000263.fastq.gz
[2020-12-18 17:47:50,880] multiqc                                            [DEBUG  ]  Ignoring file as matched an ignore pattern: H3CGFBGXF_D2_N_3_20s000265-1-1_Triana_lane120s000265.fastq.gz
[2020-12-18 17:47:50,880] multiqc                                            [DEBUG  ]  Ignoring file as matched an ignore pattern: H3HHMBGXF_12h_H_1_20s000257-1-1_Triana_lane120s000257.fastq.gz
[2020-12-18 17:47:50,880] multiqc                                            [DEBUG  ]  Ignoring file as matched an ignore pattern: H3HHMBGXF_12h_N_1_20s000251-1-1_Triana_lane120s000251.fastq.gz
[2020-12-18 17:47:50,880] multiqc                                            [DEBUG  ]  Ignoring file as matched an ignore pattern: H3CGFBGXF_D1_N_4_20s000264-1-1_Triana_lane120s000264.fastq.gz
[2020-12-18 17:47:50,881] multiqc                                            [DEBUG  ]  Ignoring file as matched an ignore pattern: H3HHMBGXF_D1_H_2_20s000259-1-1_Triana_lane120s000259.fastq.gz
[2020-12-18 17:47:50,881] multiqc                                            [DEBUG  ]  Ignoring file as matched an ignore pattern: H3HHMBGXF_D2_N_2_20s000256-1-1_Triana_lane120s000256.fastq.gz
[2020-12-18 17:47:57,851] multiqc.modules.custom_content.custom_content      [DEBUG  ]  No custom content found
[2020-12-18 17:47:57,935] multiqc.modules.peddy.peddy                        [DEBUG  ]  Could not find any reports in ('/icgc/dkfzlsdf/analysis/B080/sharma/boulantLab/bulk_hypoxia/',)
[2020-12-18 17:47:57,998] multiqc.modules.methylQA.methylQA                  [DEBUG  ]  Could not find any reports in ('/icgc/dkfzlsdf/analysis/B080/sharma/boulantLab/bulk_hypoxia/',)
[2020-12-18 17:47:58,072] multiqc.modules.qualimap.QM_BamQC                  [DEBUG  ]  Using default Qualimap thresholds: 1, 5, 10, 30, 50
[2020-12-18 17:47:58,156] multiqc.modules.qualimap.qualimap                  [DEBUG  ]  Could not find any reports in ('/icgc/dkfzlsdf/analysis/B080/sharma/boulantLab/bulk_hypoxia/',)
[2020-12-18 17:48:02,776] multiqc.modules.preseq.preseq                      [DEBUG  ]  Could not find any preseq data in ('/icgc/dkfzlsdf/analysis/B080/sharma/boulantLab/bulk_hypoxia/',)
[2020-12-18 17:48:02,828] multiqc.modules.quast.quast                        [DEBUG  ]  Could not find any reports in ('/icgc/dkfzlsdf/analysis/B080/sharma/boulantLab/bulk_hypoxia/',)
[2020-12-18 17:48:03,932] multiqc.modules.rseqc.rseqc                        [DEBUG  ]  Could not find any reports in ('/icgc/dkfzlsdf/analysis/B080/sharma/boulantLab/bulk_hypoxia/',)
[2020-12-18 17:48:03,969] multiqc.modules.busco.busco                        [DEBUG  ]  Could not find any reports in ('/icgc/dkfzlsdf/analysis/B080/sharma/boulantLab/bulk_hypoxia/',)
[2020-12-18 17:48:04,033] multiqc.modules.goleft_indexcov.goleft_indexcov    [DEBUG  ]  Did not find goleft indexcov outputs in ('/icgc/dkfzlsdf/analysis/B080/sharma/boulantLab/bulk_hypoxia/',)
[2020-12-18 17:48:04,252] multiqc.modules.snpeff.snpeff                      [DEBUG  ]  Could not find any data in ('/icgc/dkfzlsdf/analysis/B080/sharma/boulantLab/bulk_hypoxia/',)
[2020-12-18 17:48:04,488] multiqc.modules.gatk.gatk                          [DEBUG  ]  Could not find any reports in ('/icgc/dkfzlsdf/analysis/B080/sharma/boulantLab/bulk_hypoxia/',)
[2020-12-18 17:48:04,699] multiqc.modules.htseq.htseq                        [DEBUG  ]  Could not find any reports in ('/icgc/dkfzlsdf/analysis/B080/sharma/boulantLab/bulk_hypoxia/',)
[2020-12-18 17:48:04,979] multiqc.modules.bcftools.bcftools                  [DEBUG  ]  Could not find any reports in ('/icgc/dkfzlsdf/analysis/B080/sharma/boulantLab/bulk_hypoxia/',)
[2020-12-18 17:48:05,053] multiqc.modules.featureCounts.feature_counts       [INFO   ]  Found 29 reports
[2020-12-18 17:48:07,104] multiqc.modules.picard.picard                      [DEBUG  ]  Could not find any reports in ('/icgc/dkfzlsdf/analysis/B080/sharma/boulantLab/bulk_hypoxia/',)
[2020-12-18 17:48:07,150] multiqc.modules.prokka.prokka                      [DEBUG  ]  Could not find any Prokka data in ('/icgc/dkfzlsdf/analysis/B080/sharma/boulantLab/bulk_hypoxia/',)
[2020-12-18 17:48:07,359] multiqc.modules.samblaster.samblaster              [DEBUG  ]  Could not find any data in ('/icgc/dkfzlsdf/analysis/B080/sharma/boulantLab/bulk_hypoxia/',)
[2020-12-18 17:48:08,017] multiqc.modules.samtools.samtools                  [DEBUG  ]  Could not find any reports in ('/icgc/dkfzlsdf/analysis/B080/sharma/boulantLab/bulk_hypoxia/',)
[2020-12-18 17:48:08,252] multiqc.modules.bamtools.bamtools                  [DEBUG  ]  Could not find any reports in ('/icgc/dkfzlsdf/analysis/B080/sharma/boulantLab/bulk_hypoxia/',)
[2020-12-18 17:48:08,344] multiqc.modules.bismark.bismark                    [DEBUG  ]  Could not find any reports in ('/icgc/dkfzlsdf/analysis/B080/sharma/boulantLab/bulk_hypoxia/',)
[2020-12-18 17:48:08,385] multiqc.modules.hicup.hicup                        [DEBUG  ]  Could not find any HiCUP data in ('/icgc/dkfzlsdf/analysis/B080/sharma/boulantLab/bulk_hypoxia/',)
[2020-12-18 17:48:08,433] multiqc.modules.salmon.salmon                      [DEBUG  ]  Could not find any Salmon data in ('/icgc/dkfzlsdf/analysis/B080/sharma/boulantLab/bulk_hypoxia/',)
[2020-12-18 17:48:08,643] multiqc.modules.kallisto.kallisto                  [DEBUG  ]  Could not find any reports in ('/icgc/dkfzlsdf/analysis/B080/sharma/boulantLab/bulk_hypoxia/',)
[2020-12-18 17:48:09,779] multiqc.modules.slamdunk.slamdunk                  [DEBUG  ]  No slamdunk reports found.
[2020-12-18 17:48:09,819] multiqc.modules.star.star                          [DEBUG  ]  Could not find any reports in ('/icgc/dkfzlsdf/analysis/B080/sharma/boulantLab/bulk_hypoxia/',)
[2020-12-18 17:48:09,872] multiqc.modules.tophat.tophat                      [DEBUG  ]  Could not find any reports in ('/icgc/dkfzlsdf/analysis/B080/sharma/boulantLab/bulk_hypoxia/',)
[2020-12-18 17:48:10,077] multiqc.modules.bowtie2.bowtie2                    [DEBUG  ]  Could not find any reports in ('/icgc/dkfzlsdf/analysis/B080/sharma/boulantLab/bulk_hypoxia/',)
[2020-12-18 17:48:10,299] multiqc.modules.bowtie1.bowtie1                    [DEBUG  ]  Could not find any reports in ('/icgc/dkfzlsdf/analysis/B080/sharma/boulantLab/bulk_hypoxia/',)
[2020-12-18 17:48:10,515] multiqc.modules.cutadapt.cutadapt                  [DEBUG  ]  Could not find any reports in ('/icgc/dkfzlsdf/analysis/B080/sharma/boulantLab/bulk_hypoxia/',)
[2020-12-18 17:48:10,728] multiqc.modules.trimmomatic.trimmomatic            [DEBUG  ]  Could not find any Trimmomatic data in ('/icgc/dkfzlsdf/analysis/B080/sharma/boulantLab/bulk_hypoxia/',)
[2020-12-18 17:48:10,929] multiqc.modules.skewer.skewer                      [DEBUG  ]  Could not find any data in ('/icgc/dkfzlsdf/analysis/B080/sharma/boulantLab/bulk_hypoxia/',)
[2020-12-18 17:48:10,976] multiqc.modules.fastq_screen.fastq_screen          [DEBUG  ]  Could not find any reports in ('/icgc/dkfzlsdf/analysis/B080/sharma/boulantLab/bulk_hypoxia/',)
[2020-12-18 17:48:19,549] multiqc.modules.fastqc.fastqc                      [INFO   ]  Found 29 reports
[2020-12-18 17:48:22,594] multiqc.modules.clusterflow.clusterflow            [DEBUG  ]  Could not find any reports in ('/icgc/dkfzlsdf/analysis/B080/sharma/boulantLab/bulk_hypoxia/',)
[2020-12-18 17:48:22,598] multiqc                                            [INFO   ]  Report      : ../analysis/MultiQC/multiqc_report.html
[2020-12-18 17:48:22,603] multiqc                                            [INFO   ]  Data        : ../analysis/MultiQC/multiqc_data
[2020-12-18 17:48:22,603] multiqc                                            [DEBUG  ]  Moving data file from '/tmp/tmpjvFV8L/multiqc_data/multiqc_featureCounts.txt' to '/icgc/dkfzlsdf/analysis/B080/sharma/boulantLab/bulk_hypoxia/analysis/MultiQC/multiqc_data'
[2020-12-18 17:48:22,616] multiqc                                            [DEBUG  ]  Moving data file from '/tmp/tmpjvFV8L/multiqc_data/multiqc_general_stats.txt' to '/icgc/dkfzlsdf/analysis/B080/sharma/boulantLab/bulk_hypoxia/analysis/MultiQC/multiqc_data'
[2020-12-18 17:48:22,623] multiqc                                            [DEBUG  ]  Moving data file from '/tmp/tmpjvFV8L/multiqc_data/multiqc_sources.txt' to '/icgc/dkfzlsdf/analysis/B080/sharma/boulantLab/bulk_hypoxia/analysis/MultiQC/multiqc_data'
[2020-12-18 17:48:22,633] multiqc                                            [DEBUG  ]  Moving data file from '/tmp/tmpjvFV8L/multiqc_data/multiqc_fastqc.txt' to '/icgc/dkfzlsdf/analysis/B080/sharma/boulantLab/bulk_hypoxia/analysis/MultiQC/multiqc_data'
[2020-12-18 17:48:23,421] multiqc                                            [INFO   ]  MultiQC complete
